# JRE version: OpenJDK Runtime Environment (22.0+36) (build 22+36-2370)
# Java VM: OpenJDK 64-Bit Server VM (22+36-2370, mixed mode, emulated-client, sharing, tiered, compressed oops, compressed class ptrs, g1 gc, windows-amd64)
GC Precious Log:
 CardTable entry size: 512
 Card Set container configuration: InlinePtr #cards 5 size 8 Array Of Cards #cards 12 size 40 Howl #buckets 4 coarsen threshold 1843 Howl Bitmap #cards 512 size 80 coarsen threshold 460 Card regions per heap region 1 cards per card region 2048
 CPUs: 12 total, 12 available
 Memory: 7532M
 Large Page Support: Disabled
 NUMA Support: Disabled
 Compressed Oops: Enabled (32-bit)
 Heap Region Size: 1M
 Heap Min Capacity: 8M
 Heap Initial Capacity: 118M
 Heap Max Capacity: 1884M
 Pre-touch: Disabled
 Parallel Workers: 10
 Concurrent Workers: 3
 Concurrent Refinement Workers: 10
 Periodic GC: Disabled
Heap:
 garbage-first heap   total reserved 1929216K, committed 73728K, used 40207K [0x000000008a400000, 0x0000000100000000)
  region size 1024K, 4 young (4096K), 4 survivors (4096K)
 Metaspace       used 75372K, committed 76096K, reserved 1114112K
  class space    used 11380K, committed 11712K, reserved 1048576K
GC Heap History (20 events):
Event: 3.357 GC heap after
{Heap after GC invocations=7 (full 0):
 garbage-first heap   total reserved 1929216K, committed 61440K, used 22033K [0x000000008a400000, 0x0000000100000000)
  region size 1024K, 5 young (5120K), 5 survivors (5120K)
 Metaspace       used 32529K, committed 33152K, reserved 1114112K
  class space    used 4643K, committed 4928K, reserved 1048576K
}
Event: 3.715 GC heap before
{Heap before GC invocations=7 (full 0):
 garbage-first heap   total reserved 1929216K, committed 61440K, used 38417K [0x000000008a400000, 0x0000000100000000)
  region size 1024K, 23 young (23552K), 5 survivors (5120K)
 Metaspace       used 35328K, committed 35968K, reserved 1114112K
  class space    used 5062K, committed 5376K, reserved 1048576K
}
Event: 3.719 GC heap after
{Heap after GC invocations=8 (full 0):
 garbage-first heap   total reserved 1929216K, committed 61440K, used 23278K [0x000000008a400000, 0x0000000100000000)
  region size 1024K, 4 young (4096K), 4 survivors (4096K)
 Metaspace       used 35328K, committed 35968K, reserved 1114112K
  class space    used 5062K, committed 5376K, reserved 1048576K
}
Event: 4.228 GC heap before
{Heap before GC invocations=9 (full 0):
 garbage-first heap   total reserved 1929216K, committed 61440K, used 51950K [0x000000008a400000, 0x0000000100000000)
  region size 1024K, 32 young (32768K), 4 survivors (4096K)
 Metaspace       used 40821K, committed 41472K, reserved 1114112K
  class space    used 6164K, committed 6464K, reserved 1048576K
}
Event: 4.234 GC heap after
{Heap after GC invocations=10 (full 0):
 garbage-first heap   total reserved 1929216K, committed 73728K, used 25262K [0x000000008a400000, 0x0000000100000000)
  region size 1024K, 4 young (4096K), 4 survivors (4096K)
 Metaspace       used 40821K, committed 41472K, reserved 1114112K
  class space    used 6164K, committed 6464K, reserved 1048576K
}
Event: 5.235 GC heap before
{Heap before GC invocations=10 (full 0):
 garbage-first heap   total reserved 1929216K, committed 73728K, used 63150K [0x000000008a400000, 0x0000000100000000)
  region size 1024K, 41 young (41984K), 4 survivors (4096K)
 Metaspace       used 50470K, committed 51136K, reserved 1114112K
  class space    used 7325K, committed 7616K, reserved 1048576K
}
Event: 5.242 GC heap after
{Heap after GC invocations=11 (full 0):
 garbage-first heap   total reserved 1929216K, committed 73728K, used 28223K [0x000000008a400000, 0x0000000100000000)
  region size 1024K, 6 young (6144K), 6 survivors (6144K)
 Metaspace       used 50470K, committed 51136K, reserved 1114112K
  class space    used 7325K, committed 7616K, reserved 1048576K
}
Event: 5.838 GC heap before
{Heap before GC invocations=11 (full 0):
 garbage-first heap   total reserved 1929216K, committed 73728K, used 62015K [0x000000008a400000, 0x0000000100000000)
  region size 1024K, 39 young (39936K), 6 survivors (6144K)
 Metaspace       used 58131K, committed 58752K, reserved 1114112K
  class space    used 8397K, committed 8640K, reserved 1048576K
}
Event: 5.843 GC heap after
{Heap after GC invocations=12 (full 0):
 garbage-first heap   total reserved 1929216K, committed 73728K, used 29987K [0x000000008a400000, 0x0000000100000000)
  region size 1024K, 2 young (2048K), 2 survivors (2048K)
 Metaspace       used 58131K, committed 58752K, reserved 1114112K
  class space    used 8397K, committed 8640K, reserved 1048576K
}
Event: 5.963 GC heap before
{Heap before GC invocations=12 (full 0):
 garbage-first heap   total reserved 1929216K, committed 73728K, used 35107K [0x000000008a400000, 0x0000000100000000)
  region size 1024K, 8 young (8192K), 2 survivors (2048K)
 Metaspace       used 59690K, committed 60288K, reserved 1114112K
  class space    used 8637K, committed 8896K, reserved 1048576K
}
Event: 5.965 GC heap after
{Heap after GC invocations=13 (full 0):
 garbage-first heap   total reserved 1929216K, committed 73728K, used 29836K [0x000000008a400000, 0x0000000100000000)
  region size 1024K, 2 young (2048K), 2 survivors (2048K)
 Metaspace       used 59690K, committed 60288K, reserved 1114112K
  class space    used 8637K, committed 8896K, reserved 1048576K
}
Event: 6.391 GC heap before
{Heap before GC invocations=14 (full 0):
 garbage-first heap   total reserved 1929216K, committed 73728K, used 65676K [0x000000008a400000, 0x0000000100000000)
  region size 1024K, 37 young (37888K), 2 survivors (2048K)
 Metaspace       used 61254K, committed 61952K, reserved 1114112K
  class space    used 8979K, committed 9280K, reserved 1048576K
}
Event: 6.393 GC heap after
{Heap after GC invocations=15 (full 0):
 garbage-first heap   total reserved 1929216K, committed 73728K, used 30386K [0x000000008a400000, 0x0000000100000000)
  region size 1024K, 2 young (2048K), 2 survivors (2048K)
 Metaspace       used 61254K, committed 61952K, reserved 1114112K
  class space    used 8979K, committed 9280K, reserved 1048576K
}
Event: 7.238 GC heap before
{Heap before GC invocations=15 (full 0):
 garbage-first heap   total reserved 1929216K, committed 73728K, used 66226K [0x000000008a400000, 0x0000000100000000)
  region size 1024K, 37 young (37888K), 2 survivors (2048K)
 Metaspace       used 68005K, committed 68736K, reserved 1114112K
  class space    used 9969K, committed 10240K, reserved 1048576K
}
Event: 7.242 GC heap after
{Heap after GC invocations=16 (full 0):
 garbage-first heap   total reserved 1929216K, committed 73728K, used 33076K [0x000000008a400000, 0x0000000100000000)
  region size 1024K, 5 young (5120K), 5 survivors (5120K)
 Metaspace       used 68005K, committed 68736K, reserved 1114112K
  class space    used 9969K, committed 10240K, reserved 1048576K
}
Event: 7.649 GC heap before
{Heap before GC invocations=16 (full 0):
 garbage-first heap   total reserved 1929216K, committed 73728K, used 61748K [0x000000008a400000, 0x0000000100000000)
  region size 1024K, 34 young (34816K), 5 survivors (5120K)
 Metaspace       used 70983K, committed 71680K, reserved 1114112K
  class space    used 10539K, committed 10816K, reserved 1048576K
}
Event: 7.656 GC heap after
{Heap after GC invocations=17 (full 0):
 garbage-first heap   total reserved 1929216K, committed 73728K, used 35085K [0x000000008a400000, 0x0000000100000000)
  region size 1024K, 3 young (3072K), 3 survivors (3072K)
 Metaspace       used 70983K, committed 71680K, reserved 1114112K
  class space    used 10539K, committed 10816K, reserved 1048576K
}
Event: 10.083 GC heap before
{Heap before GC invocations=17 (full 0):
 garbage-first heap   total reserved 1929216K, committed 73728K, used 62733K [0x000000008a400000, 0x0000000100000000)
  region size 1024K, 31 young (31744K), 3 survivors (3072K)
 Metaspace       used 75202K, committed 75968K, reserved 1114112K
  class space    used 11345K, committed 11712K, reserved 1048576K
}
Event: 10.086 GC heap after
{Heap after GC invocations=18 (full 0):
 garbage-first heap   total reserved 1929216K, committed 73728K, used 36461K [0x000000008a400000, 0x0000000100000000)
  region size 1024K, 4 young (4096K), 4 survivors (4096K)
 Metaspace       used 75202K, committed 75968K, reserved 1114112K
  class space    used 11345K, committed 11712K, reserved 1048576K
}
Event: 10.216 GC heap before
{Heap before GC invocations=19 (full 0):
 garbage-first heap   total reserved 1929216K, committed 73728K, used 63085K [0x000000008a400000, 0x0000000100000000)
  region size 1024K, 30 young (30720K), 4 survivors (4096K)
 Metaspace       used 75372K, committed 76096K, reserved 1114112K
  class space    used 11380K, committed 11712K, reserved 1048576K
}

